In file included from /dcsdata/home/raghaven/chaNGa/charm/bin/../include/charm++.h:1131:0,
                 from /dcsdata/home/raghaven/chaNGa/unionfind/prefixLib/prefixBalance.decl.h:3,
                 from /dcsdata/home/raghaven/chaNGa/unionfind/prefixLib/prefixBalance.h:1,
                 from unionFindLib.C:2:
unionFindLib.C: In member function ‘void UnionFindLibCache::prepare_for_component_labeling(CkCallback)’:
/dcsdata/home/raghaven/chaNGa/charm/bin/../include/ckreduction.h:833:5: error: ‘redn_wrapper_done_prepare_for_component_labeling’ is not a member of ‘CkIndex_UnionFindLibCache’
     CkIndex_##me::redn_wrapper_##method(NULL)
     ^
unionFindLib.C:344:25: note: in expansion of macro ‘CkReductionTarget’
   contribute(CkCallback(CkReductionTarget(UnionFindLibCache, done_prepare_for_component_labeling), _UfLibProxy[0]));
                         ^
unionFindLib.C: In member function ‘void UnionFindLibCache::inter_start_component_labeling(CkCallback)’:
unionFindLib.C:386:73: error: ‘getLocationFromID’ was not declared in this scope
     std::pair<int64_t, int64_t> parent_loc = getLocationFromID(v->parent);
                                                                         ^
unionFindLib.C:393:35: error: ‘class CProxyElement_UnionFindLibCache’ has no member named ‘inter_need_label’
       thisProxy[parent_loc.first].inter_need_label(d);
                                   ^
unionFindLib.C:407:77: error: ‘getLocationFromID’ was not declared in this scope
         std::pair<int64_t, int64_t> parent_loc = getLocationFromID(v->parent);
                                                                             ^
In file included from /dcsdata/home/raghaven/chaNGa/charm/bin/../include/charm++.h:1131:0,
                 from /dcsdata/home/raghaven/chaNGa/unionfind/prefixLib/prefixBalance.decl.h:3,
                 from /dcsdata/home/raghaven/chaNGa/unionfind/prefixLib/prefixBalance.h:1,
                 from unionFindLib.C:2:
/dcsdata/home/raghaven/chaNGa/charm/bin/../include/ckreduction.h:833:5: error: ‘redn_wrapper_inter_total_components’ is not a member of ‘CkIndex_UnionFindLibCache’
     CkIndex_##me::redn_wrapper_##method(NULL)
     ^
unionFindLib.C:424:19: note: in expansion of macro ‘CkReductionTarget’
     CkCallback cb(CkReductionTarget(UnionFindLibCache, inter_total_components), thisProxy[0]);
                   ^
unionFindLib.C: In member function ‘void UnionFindLibCache::inter_need_label(needRootData)’:
unionFindLib.C:466:74: error: ‘getLocationFromID’ was not declared in this scope
     std::pair<int64_t, int64_t> gparent_loc = getLocationFromID(p->parent);
                                                                          ^
unionFindLib.C:472:32: error: ‘class CProxyElement_UnionFindLibCache’ has no member named ‘inter_recv_label’
       thisProxy[req_loc.first].inter_recv_label(req_loc.second, p->componentNumberTemp);
                                ^
unionFindLib.C: In member function ‘void UnionFindLibCache::inter_recv_label(int64_t, int64_t)’:
unionFindLib.C:505:64: error: ‘getLocationFromID’ was not declared in this scope
     std::pair<int64_t, int64_t> req_loc = getLocationFromID(*it);
                                                                ^
unionFindLib.C:506:30: error: ‘class CProxyElement_UnionFindLibCache’ has no member named ‘inter_recv_label’
     thisProxy[req_loc.first].inter_recv_label(req_loc.second, labelID);
                              ^
unionFindLib.C:517:77: error: ‘getLocationFromID’ was not declared in this scope
         std::pair<int64_t, int64_t> parent_loc = getLocationFromID(v->parent);
                                                                             ^
In file included from /dcsdata/home/raghaven/chaNGa/charm/bin/../include/charm++.h:1131:0,
                 from /dcsdata/home/raghaven/chaNGa/unionfind/prefixLib/prefixBalance.decl.h:3,
                 from /dcsdata/home/raghaven/chaNGa/unionfind/prefixLib/prefixBalance.h:1,
                 from unionFindLib.C:2:
/dcsdata/home/raghaven/chaNGa/charm/bin/../include/ckreduction.h:833:5: error: ‘redn_wrapper_inter_total_components’ is not a member of ‘CkIndex_UnionFindLibCache’
     CkIndex_##me::redn_wrapper_##method(NULL)
     ^
unionFindLib.C:535:19: note: in expansion of macro ‘CkReductionTarget’
     CkCallback cb(CkReductionTarget(UnionFindLibCache, inter_total_components), thisProxy[0]);
                   ^
unionFindLib.C: In constructor ‘UnionFindLib::UnionFindLib()’:
unionFindLib.C:962:7: error: ‘reqs_sent’ was not declared in this scope
       reqs_sent = 0;
       ^
unionFindLib.C:963:7: error: ‘reqs_recv’ was not declared in this scope
       reqs_recv = 0;
       ^
unionFindLib.C:964:7: error: ‘resetData’ was not declared in this scope
       resetData = false;
       ^
In file included from unionFindLib.C:975:0:
unionFindLib.def.h: In static member function ‘static void CkIndex_UnionFindLib::_call_redn_wrapper_total_components_marshall14(void*, void*)’:
unionFindLib.def.h:1681:13: error: ‘class UnionFindLib’ has no member named ‘total_components’
   impl_obj->total_components(std::move(nComponents.t));
             ^
unionFindLib.def.h: In static member function ‘static void CkIndex_UnionFindLib::_call_redn_wrapper_done_prepare_for_component_labeling_void(void*, void*)’:
unionFindLib.def.h:1705:13: error: ‘class UnionFindLib’ has no member named ‘done_prepare_for_component_labeling’
   impl_obj->done_prepare_for_component_labeling();
             ^
unionFindLib.def.h: In static member function ‘static void CkIndex_UnionFindLib::_call_total_components_marshall14(void*, void*)’:
unionFindLib.def.h:3193:13: error: ‘class UnionFindLib’ has no member named ‘total_components’
   impl_obj->total_components(std::move(nComponents.t));
             ^
unionFindLib.def.h: In static member function ‘static int CkIndex_UnionFindLib::_callmarshall_total_components_marshall14(char*, void*)’:
unionFindLib.def.h:3203:13: error: ‘class UnionFindLib’ has no member named ‘total_components’
   impl_obj->total_components(std::move(nComponents.t));
             ^
unionFindLib.def.h: In static member function ‘static void CkIndex_UnionFindLib::_call_done_prepare_for_component_labeling_void(void*, void*)’:
unionFindLib.def.h:3259:13: error: ‘class UnionFindLib’ has no member named ‘done_prepare_for_component_labeling’
   impl_obj->done_prepare_for_component_labeling();
             ^
unionFindLib.def.h: In static member function ‘static void CkIndex_UnionFindLib::_call_prepare_for_component_labeling_marshall16(void*, void*)’:
unionFindLib.def.h:3347:13: error: ‘class UnionFindLib’ has no member named ‘prepare_for_component_labeling’
   impl_obj->prepare_for_component_labeling(std::move(cb.t));
             ^
unionFindLib.def.h: In static member function ‘static int CkIndex_UnionFindLib::_callmarshall_prepare_for_component_labeling_marshall16(char*, void*)’:
unionFindLib.def.h:3357:13: error: ‘class UnionFindLib’ has no member named ‘prepare_for_component_labeling’
   impl_obj->prepare_for_component_labeling(std::move(cb.t));
             ^
unionFindLib.def.h: In static member function ‘static void CkIndex_UnionFindLibGroup::_call_redn_wrapper_inter_total_components_marshall6(void*, void*)’:
unionFindLib.def.h:4176:13: error: ‘class UnionFindLibGroup’ has no member named ‘inter_total_components’
   impl_obj->inter_total_components(std::move(n.t), nComponents);
             ^
unionFindLib.def.h: In static member function ‘static void CkIndex_UnionFindLibGroup::_call_inter_start_component_labeling_marshall5(void*, void*)’:
unionFindLib.def.h:4681:13: error: ‘class UnionFindLibGroup’ has no member named ‘inter_start_component_labeling’
   impl_obj->inter_start_component_labeling(std::move(cb.t));
             ^
unionFindLib.def.h: In static member function ‘static int CkIndex_UnionFindLibGroup::_callmarshall_inter_start_component_labeling_marshall5(char*, void*)’:
unionFindLib.def.h:4691:13: error: ‘class UnionFindLibGroup’ has no member named ‘inter_start_component_labeling’
   impl_obj->inter_start_component_labeling(std::move(cb.t));
             ^
unionFindLib.def.h: In static member function ‘static void CkIndex_UnionFindLibGroup::_call_inter_total_components_marshall6(void*, void*)’:
unionFindLib.def.h:4828:13: error: ‘class UnionFindLibGroup’ has no member named ‘inter_total_components’
   impl_obj->inter_total_components(std::move(n.t), nComponents);
             ^
unionFindLib.def.h: In static member function ‘static int CkIndex_UnionFindLibGroup::_callmarshall_inter_total_components_marshall6(char*, void*)’:
unionFindLib.def.h:4842:13: error: ‘class UnionFindLibGroup’ has no member named ‘inter_total_components’
   impl_obj->inter_total_components(std::move(n.t), nComponents);
             ^
unionFindLib.def.h: In static member function ‘static void CkIndex_UnionFindLibGroup::_call_inter_need_label_marshall7(void*, void*)’:
unionFindLib.def.h:4952:13: error: ‘class UnionFindLibGroup’ has no member named ‘inter_need_label’
   impl_obj->inter_need_label(std::move(data.t));
             ^
unionFindLib.def.h: In static member function ‘static int CkIndex_UnionFindLibGroup::_callmarshall_inter_need_label_marshall7(char*, void*)’:
unionFindLib.def.h:4962:13: error: ‘class UnionFindLibGroup’ has no member named ‘inter_need_label’
   impl_obj->inter_need_label(std::move(data.t));
             ^
unionFindLib.def.h: In static member function ‘static void CkIndex_UnionFindLibGroup::_call_inter_recv_label_marshall8(void*, void*)’:
unionFindLib.def.h:5075:13: error: ‘class UnionFindLibGroup’ has no member named ‘inter_recv_label’
   impl_obj->inter_recv_label(std::move(recv_vertex_arrID.t), std::move(labelID.t));
             ^
unionFindLib.def.h: In static member function ‘static int CkIndex_UnionFindLibGroup::_callmarshall_inter_recv_label_marshall8(char*, void*)’:
unionFindLib.def.h:5087:13: error: ‘class UnionFindLibGroup’ has no member named ‘inter_recv_label’
   impl_obj->inter_recv_label(std::move(recv_vertex_arrID.t), std::move(labelID.t));
             ^
Fatal Error by charmc in directory /dcsdata/home/raghaven/chaNGa/unionfind
   Command g++ -DCMK_GFORTRAN -DCMK_GFORTRAN -D_REENTRANT -I./../include -D__CHARMC__=1 -O2 -U_FORTIFY_SOURCE -fno-stack-protector -D_REENTRANT -I/dcsdata/home/raghaven/chaNGa/charm/bin/../include -D__CHARMC__=1 -DANCHOR_ALGO -DPROFILING -I/dcsdata/home/raghaven/chaNGa/unionfind/prefixLib -std=c++11 -O0 -g -U_FORTIFY_SOURCE -fno-stack-protector -std=c++11 -fno-lifetime-dse -c unionFindLib.C -o unionFindLib.o returned error code 1
charmc exiting...
make: *** [unionFindLib.o] Error 1
